Express server listening on port NaN in %s mode
Error: db object already connecting, open cannot be called multiple times
    at Db.open (/data/www/mblog/node_modules/mongodb/lib/mongodb/db.js:244:11)
    at Function.get (/data/www/mblog/models/post.js:43:11)
    at Object.module.exports.app.get.res.render.title (/data/www/mblog/routes/index.js:7:10)
    at nextMiddleware (/data/www/mblog/node_modules/express/node_modules/connect/lib/middleware/router.js:175:25)
    at param (/data/www/mblog/node_modules/express/node_modules/connect/lib/middleware/router.js:183:17)
    at pass (/data/www/mblog/node_modules/express/node_modules/connect/lib/middleware/router.js:191:11)
    at Object.router (/data/www/mblog/node_modules/express/node_modules/connect/lib/middleware/router.js:197:7)
    at next (/data/www/mblog/node_modules/express/node_modules/connect/lib/http.js:204:15)
    at Object.session [as handle] (/data/www/mblog/node_modules/express/node_modules/connect/lib/middleware/session.js:304:7)
    at next (/data/www/mblog/node_modules/express/node_modules/connect/lib/http.js:204:15)
Error: db object already connecting, open cannot be called multiple times
    at Db.open (/data/www/mblog/node_modules/mongodb/lib/mongodb/db.js:244:11)
    at Function.get (/data/www/mblog/models/post.js:43:11)
    at Object.module.exports.app.get.res.render.title (/data/www/mblog/routes/index.js:7:10)
    at nextMiddleware (/data/www/mblog/node_modules/express/node_modules/connect/lib/middleware/router.js:175:25)
    at param (/data/www/mblog/node_modules/express/node_modules/connect/lib/middleware/router.js:183:17)
    at pass (/data/www/mblog/node_modules/express/node_modules/connect/lib/middleware/router.js:191:11)
    at Object.router (/data/www/mblog/node_modules/express/node_modules/connect/lib/middleware/router.js:197:7)
    at next (/data/www/mblog/node_modules/express/node_modules/connect/lib/http.js:204:15)
    at Object.session [as handle] (/data/www/mblog/node_modules/express/node_modules/connect/lib/middleware/session.js:304:7)
    at next (/data/www/mblog/node_modules/express/node_modules/connect/lib/http.js:204:15)
Error: db object already connecting, open cannot be called multiple times
    at Db.open (/data/www/mblog/node_modules/mongodb/lib/mongodb/db.js:244:11)
    at Function.get (/data/www/mblog/models/post.js:43:11)
    at Object.module.exports.app.get.res.render.title (/data/www/mblog/routes/index.js:7:10)
    at nextMiddleware (/data/www/mblog/node_modules/express/node_modules/connect/lib/middleware/router.js:175:25)
    at param (/data/www/mblog/node_modules/express/node_modules/connect/lib/middleware/router.js:183:17)
    at pass (/data/www/mblog/node_modules/express/node_modules/connect/lib/middleware/router.js:191:11)
    at Object.router (/data/www/mblog/node_modules/express/node_modules/connect/lib/middleware/router.js:197:7)
    at next (/data/www/mblog/node_modules/express/node_modules/connect/lib/http.js:204:15)
    at store.get.next (/data/www/mblog/node_modules/express/node_modules/connect/lib/middleware/session.js:322:9)
    at /data/www/mblog/node_modules/express/node_modules/connect/lib/middleware/session.js:341:9
